<?xml version="1.0" encoding="UTF-8"?>
<!-- Generated by org.testng.reporters.JUnitXMLReporter -->
<testsuite ignored="0" hostname="LAPTOP-PU8VKKP8" failures="0" tests="4" name="Ecommerce Application All Test Cases" time="31.335" errors="0" timestamp="2022-11-27T17:01:57 IST">
  <testcase classname="EcommerceTestCases.EndFlowEcommerce" name="homePage" time="0.403"/>
  <testcase classname="EcommerceTestCases.EndFlowEcommerce" name="signIn" time="1.143"/>
  <testcase classname="EcommerceTestCases.EndFlowEcommerce" name="cartCheck" time="23.771"/>
  <testcase classname="EcommerceTestCases.EndFlowEcommerce" name="OrderHistory" time="0.277"/>
</testsuite> <!-- Ecommerce Application All Test Cases -->
