<?xml version="1.0" encoding="UTF-8"?>
<!-- Generated by org.testng.reporters.JUnitXMLReporter -->
<testsuite ignored="0" hostname="LAPTOP-PU8VKKP8" failures="0" tests="4" name="Ecommerce Application All Test Cases" time="19.313" errors="0" timestamp="2022-11-30T11:12:18 IST">
  <testcase classname="EcommerceTestCases.EndFlowEcommerce" name="homePage" time="0.255"/>
  <testcase classname="EcommerceTestCases.EndFlowEcommerce" name="signIn" time="0.791"/>
  <testcase classname="EcommerceTestCases.EndFlowEcommerce" name="cartCheck" time="12.642"/>
  <testcase classname="EcommerceTestCases.EndFlowEcommerce" name="OrderHistory" time="0.184"/>
</testsuite> <!-- Ecommerce Application All Test Cases -->
