<?xml version="1.0" encoding="UTF-8"?>
<testng-results ignored="0" total="4" passed="4" failed="0" skipped="0">
  <reporter-output>
  </reporter-output>
  <suite started-at="2022-11-30T11:11:59 IST" name="Suite" finished-at="2022-11-30T11:12:18 IST" duration-ms="19604">
    <groups>
    </groups>
    <test started-at="2022-11-30T11:11:59 IST" name="Test" finished-at="2022-11-30T11:11:59 IST" duration-ms="7">
    </test> <!-- Test -->
    <test started-at="2022-11-30T11:11:59 IST" name="Ecommerce Application All Test Cases" finished-at="2022-11-30T11:12:18 IST" duration-ms="19313">
      <class name="EcommerceTestCases.EndFlowEcommerce">
        <test-method is-config="true" signature="Intialize()[pri:0, instance:EcommerceTestCases.EndFlowEcommerce@3de8f619]" started-at="2022-11-30T11:11:59 IST" name="Intialize" finished-at="2022-11-30T11:12:04 IST" duration-ms="5222" status="PASS">
          <reporter-output>
          </reporter-output>
        </test-method> <!-- Intialize -->
        <test-method signature="homePage()[pri:1, instance:EcommerceTestCases.EndFlowEcommerce@3de8f619]" started-at="2022-11-30T11:12:04 IST" name="homePage" finished-at="2022-11-30T11:12:04 IST" duration-ms="255" status="PASS">
          <reporter-output>
          </reporter-output>
        </test-method> <!-- homePage -->
        <test-method signature="signIn()[pri:2, instance:EcommerceTestCases.EndFlowEcommerce@3de8f619]" started-at="2022-11-30T11:12:04 IST" name="signIn" finished-at="2022-11-30T11:12:05 IST" duration-ms="791" status="PASS">
          <reporter-output>
          </reporter-output>
        </test-method> <!-- signIn -->
        <test-method signature="cartCheck()[pri:3, instance:EcommerceTestCases.EndFlowEcommerce@3de8f619]" started-at="2022-11-30T11:12:05 IST" name="cartCheck" finished-at="2022-11-30T11:12:18 IST" duration-ms="12642" status="PASS">
          <reporter-output>
          </reporter-output>
        </test-method> <!-- cartCheck -->
        <test-method signature="OrderHistory()[pri:4, instance:EcommerceTestCases.EndFlowEcommerce@3de8f619]" started-at="2022-11-30T11:12:18 IST" name="OrderHistory" finished-at="2022-11-30T11:12:18 IST" duration-ms="184" status="PASS">
          <reporter-output>
          </reporter-output>
        </test-method> <!-- OrderHistory -->
        <test-method is-config="true" signature="tearDown()[pri:0, instance:EcommerceTestCases.EndFlowEcommerce@3de8f619]" started-at="2022-11-30T11:12:18 IST" name="tearDown" finished-at="2022-11-30T11:12:18 IST" duration-ms="186" status="PASS">
          <reporter-output>
          </reporter-output>
        </test-method> <!-- tearDown -->
      </class> <!-- EcommerceTestCases.EndFlowEcommerce -->
    </test> <!-- Ecommerce Application All Test Cases -->
  </suite> <!-- Suite -->
</testng-results>
