<?xml version="1.0" encoding="UTF-8"?>
<testng-results ignored="0" total="1" passed="1" failed="0" skipped="0">
  <reporter-output>
  </reporter-output>
  <suite started-at="2022-11-30T16:03:27 IST" name="Default suite" finished-at="2022-11-30T16:03:47 IST" duration-ms="20439">
    <groups>
    </groups>
    <test started-at="2022-11-30T16:03:27 IST" name="Default test" finished-at="2022-11-30T16:03:47 IST" duration-ms="20439">
      <class name="EcommerceErrorCheckTestCases.SignInPageErrorMsgValidation">
        <test-method is-config="true" signature="Intialize()[pri:0, instance:EcommerceErrorCheckTestCases.SignInPageErrorMsgValidation@72d1ad2e]" started-at="2022-11-30T16:03:27 IST" name="Intialize" finished-at="2022-11-30T16:03:31 IST" duration-ms="3678" status="PASS">
          <reporter-output>
          </reporter-output>
        </test-method> <!-- Intialize -->
        <test-method signature="signInCheck()[pri:0, instance:EcommerceErrorCheckTestCases.SignInPageErrorMsgValidation@72d1ad2e]" started-at="2022-11-30T16:03:31 IST" name="signInCheck" finished-at="2022-11-30T16:03:31 IST" duration-ms="461" status="PASS">
          <reporter-output>
          </reporter-output>
        </test-method> <!-- signInCheck -->
        <test-method is-config="true" signature="tearDown()[pri:0, instance:EcommerceErrorCheckTestCases.SignInPageErrorMsgValidation@72d1ad2e]" started-at="2022-11-30T16:03:31 IST" name="tearDown" finished-at="2022-11-30T16:03:47 IST" duration-ms="16276" status="PASS">
          <reporter-output>
          </reporter-output>
        </test-method> <!-- tearDown -->
      </class> <!-- EcommerceErrorCheckTestCases.SignInPageErrorMsgValidation -->
    </test> <!-- Default test -->
  </suite> <!-- Default suite -->
</testng-results>
